<?xml version="1.0" encoding="UTF-8"?>
<testng-results skipped="0" failed="0" ignored="0" total="1" passed="1">
  <reporter-output>
  </reporter-output>
  <suite name="Default suite" duration-ms="44197" started-at="2019-11-29T05:43:12Z" finished-at="2019-11-29T05:43:56Z">
    <groups>
    </groups>
    <test name="Default test" duration-ms="44197" started-at="2019-11-29T05:43:12Z" finished-at="2019-11-29T05:43:56Z">
      <class name="com.training.sanity.tests.ModifyOrder">
        <test-method status="PASS" signature="setUpBeforeClass()[pri:0, instance:com.training.sanity.tests.ModifyOrder@5c7fa833]" name="setUpBeforeClass" is-config="true" duration-ms="15" started-at="2019-11-29T11:13:12Z" finished-at="2019-11-29T11:13:12Z">
          <reporter-output>
          </reporter-output>
        </test-method> <!-- setUpBeforeClass -->
        <test-method status="PASS" signature="setUp()[pri:0, instance:com.training.sanity.tests.ModifyOrder@5c7fa833]" name="setUp" is-config="true" duration-ms="7749" started-at="2019-11-29T11:13:12Z" finished-at="2019-11-29T11:13:20Z">
          <reporter-output>
          </reporter-output>
        </test-method> <!-- setUp -->
        <test-method status="PASS" signature="changeOrderTest()[pri:0, instance:com.training.sanity.tests.ModifyOrder@5c7fa833]" name="changeOrderTest" duration-ms="33792" started-at="2019-11-29T11:13:20Z" finished-at="2019-11-29T11:13:53Z">
          <reporter-output>
          </reporter-output>
        </test-method> <!-- changeOrderTest -->
        <test-method status="PASS" signature="tearDown()[pri:0, instance:com.training.sanity.tests.ModifyOrder@5c7fa833]" name="tearDown" is-config="true" duration-ms="2615" started-at="2019-11-29T11:13:53Z" finished-at="2019-11-29T11:13:56Z">
          <reporter-output>
          </reporter-output>
        </test-method> <!-- tearDown -->
      </class> <!-- com.training.sanity.tests.ModifyOrder -->
    </test> <!-- Default test -->
  </suite> <!-- Default suite -->
</testng-results>
