<?xml version="1.0" encoding="UTF-8"?>
<testng-results skipped="0" failed="0" ignored="0" total="1" passed="1">
  <reporter-output>
  </reporter-output>
  <suite name="Default suite" duration-ms="19489" started-at="2019-11-21T03:57:34Z" finished-at="2019-11-21T03:57:53Z">
    <groups>
    </groups>
    <test name="Default test" duration-ms="19489" started-at="2019-11-21T03:57:34Z" finished-at="2019-11-21T03:57:53Z">
      <class name="com.training.sanity.tests.FilterOrdersList">
        <test-method status="PASS" signature="setUpBeforeClass()[pri:0, instance:com.training.sanity.tests.FilterOrdersList@5c7fa833]" name="setUpBeforeClass" is-config="true" duration-ms="25" started-at="2019-11-21T09:27:34Z" finished-at="2019-11-21T09:27:34Z">
          <reporter-output>
          </reporter-output>
        </test-method> <!-- setUpBeforeClass -->
        <test-method status="PASS" signature="setUp()[pri:0, instance:com.training.sanity.tests.FilterOrdersList@5c7fa833]" name="setUp" is-config="true" duration-ms="9773" started-at="2019-11-21T09:27:34Z" finished-at="2019-11-21T09:27:43Z">
          <reporter-output>
          </reporter-output>
        </test-method> <!-- setUp -->
        <test-method status="PASS" signature="filterList()[pri:0, instance:com.training.sanity.tests.FilterOrdersList@5c7fa833]" name="filterList" duration-ms="5717" started-at="2019-11-21T09:27:43Z" finished-at="2019-11-21T09:27:49Z">
          <reporter-output>
          </reporter-output>
        </test-method> <!-- filterList -->
        <test-method status="PASS" signature="tearDown()[pri:0, instance:com.training.sanity.tests.FilterOrdersList@5c7fa833]" name="tearDown" is-config="true" duration-ms="3942" started-at="2019-11-21T09:27:49Z" finished-at="2019-11-21T09:27:53Z">
          <reporter-output>
          </reporter-output>
        </test-method> <!-- tearDown -->
      </class> <!-- com.training.sanity.tests.FilterOrdersList -->
    </test> <!-- Default test -->
  </suite> <!-- Default suite -->
</testng-results>
